wandb: Currently logged in as: lee_changmin (lee_changmin-sangmyung-uni) to https://api.wandb.ai. Use `wandb login --relogin` to force relogin
wandb: setting up run 3tzjezmn
wandb: Tracking run with wandb version 0.23.0
wandb: Run data is saved locally in /home/cia/disk1/bci_intern/AAAI2026/RLDoom/logs/wandb/wandb/run-20251205_191135-3tzjezmn
wandb: Run `wandb offline` to turn off syncing.
wandb: Syncing run ppo_seed0
wandb: ⭐️ View project at https://wandb.ai/lee_changmin-sangmyung-uni/RLDoom
wandb: 🚀 View run at https://wandb.ai/lee_changmin-sangmyung-uni/RLDoom/runs/3tzjezmn
pci id for fd 8: 1a03:2000, driver (null)
MESA-LOADER: failed to open ast: /usr/lib/dri/ast_dri.so: cannot open shared object file: No such file or directory (search paths /usr/lib/x86_64-linux-gnu/dri:\$${ORIGIN}/dri:/usr/lib/dri, suffix _dri)
pci id for fd 9: 1a03:2000, driver (null)
kmsro: driver missing
ppo train:   0%|          | 0/2000 [00:00<?, ?it/s]ppo train:   0%|          | 0/2000 [00:01<?, ?it/s]
Traceback (most recent call last):
  File "/home/cia/disk1/bci_intern/AAAI2026/RLDoom/train.py", line 87, in <module>
    main()
  File "/home/cia/disk1/bci_intern/AAAI2026/RLDoom/train.py", line 80, in main
    train_onpolicy(agent, cfg, logger)
  File "/home/cia/disk1/bci_intern/AAAI2026/RLDoom/rldoom/trainers/onpolicy.py", line 54, in train_onpolicy
    metrics: Dict[str, Any] = agent.update()
  File "/home/cia/disk1/bci_intern/AAAI2026/RLDoom/rldoom/agents/ppo.py", line 110, in update
    assert total_steps >= batch_size, "Rollout too short for PPO batch"
AssertionError: Rollout too short for PPO batch
[1;34mwandb[0m: 
[1;34mwandb[0m: 🚀 View run [33mppo_seed0[0m at: [34mhttps://wandb.ai/lee_changmin-sangmyung-uni/RLDoom/runs/3tzjezmn[0m
[1;34mwandb[0m: Find logs at: [1;35mlogs/wandb/wandb/run-20251205_191135-3tzjezmn/logs[0m
