wandb: Currently logged in as: lee_changmin (lee_changmin-sangmyung-uni) to https://api.wandb.ai. Use `wandb login --relogin` to force relogin
wandb: setting up run j9hcj8jx
wandb: Tracking run with wandb version 0.23.0
wandb: Run data is saved locally in /home/cia/disk1/bci_intern/AAAI2026/RLDoom/logs/wandb/wandb/run-20251205_190435-j9hcj8jx
wandb: Run `wandb offline` to turn off syncing.
wandb: Syncing run reinforce_seed0
wandb: ⭐️ View project at https://wandb.ai/lee_changmin-sangmyung-uni/RLDoom
wandb: 🚀 View run at https://wandb.ai/lee_changmin-sangmyung-uni/RLDoom/runs/j9hcj8jx
pci id for fd 8: 1a03:2000, driver (null)
MESA-LOADER: failed to open ast: /usr/lib/dri/ast_dri.so: cannot open shared object file: No such file or directory (search paths /usr/lib/x86_64-linux-gnu/dri:\$${ORIGIN}/dri:/usr/lib/dri, suffix _dri)
pci id for fd 9: 1a03:2000, driver (null)
kmsro: driver missing
reinforce train:   0%|          | 0/2000 [00:00<?, ?it/s]reinforce train:   0%|          | 0/2000 [00:00<?, ?it/s]
Traceback (most recent call last):
  File "/home/cia/disk1/bci_intern/AAAI2026/RLDoom/train.py", line 87, in <module>
    main()
  File "/home/cia/disk1/bci_intern/AAAI2026/RLDoom/train.py", line 80, in main
    train_onpolicy(agent, cfg, logger)
  File "/home/cia/disk1/bci_intern/AAAI2026/RLDoom/rldoom/trainers/onpolicy.py", line 42, in train_onpolicy
    agent.observe(transition)
  File "/home/cia/disk1/bci_intern/AAAI2026/RLDoom/rldoom/agents/reinforce.py", line 62, in observe
    _, _, reward, _, done, _ = transition
ValueError: not enough values to unpack (expected 6, got 5)
[1;34mwandb[0m: 
[1;34mwandb[0m: 🚀 View run [33mreinforce_seed0[0m at: [34mhttps://wandb.ai/lee_changmin-sangmyung-uni/RLDoom/runs/j9hcj8jx[0m
[1;34mwandb[0m: Find logs at: [1;35mlogs/wandb/wandb/run-20251205_190435-j9hcj8jx/logs[0m
